<?xml version="1.0" encoding="UTF-8"?>
<testsuite name="com.kabeli.user.service.AccountServiceTest" tests="1" skipped="0" failures="0" errors="0" timestamp="2021-12-23T15:05:55" hostname="MacBook-Pro-de-Javier.local" time="0.037">
  <properties/>
  <testcase name="testPassword()" classname="com.kabeli.user.service.AccountServiceTest" time="0.037"/>
  <system-out><![CDATA[]]></system-out>
  <system-err><![CDATA[]]></system-err>
</testsuite>
